Symlinking /home/live4jesus/me_solidworks2ros/solidworks2ros/solidworks2ros_try25/devel/share/solidworks2ros_try25/cmake/solidworks2ros_try25Config-version.cmake
Symlinking /home/live4jesus/me_solidworks2ros/solidworks2ros/solidworks2ros_try25/devel/share/solidworks2ros_try25/cmake/solidworks2ros_try25Config.cmake
Symlinking /home/live4jesus/me_solidworks2ros/solidworks2ros/solidworks2ros_try25/devel/lib/pkgconfig/solidworks2ros_try25.pc
Symlinking /home/live4jesus/me_solidworks2ros/solidworks2ros/solidworks2ros_try25/devel/lib/solidworks2ros_try25/moment_of_inertia.py
Symlinking /home/live4jesus/me_solidworks2ros/solidworks2ros/solidworks2ros_try25/devel/lib/solidworks2ros_try25/joint_position_contoller_backward.py
Symlinking /home/live4jesus/me_solidworks2ros/solidworks2ros/solidworks2ros_try25/devel/lib/solidworks2ros_try25/joint_position_contoller_forward.py
Cleaning: (/home/amumu-ze1ast/me_solidworks2ros/solidworks2ros_try25/devel/.private/solidworks2ros_try25/cmake.lock, /home/amumu-ze1ast/me_solidworks2ros/solidworks2ros_try25/devel/./cmake.lock)
Cleaning: (/home/amumu-ze1ast/me_solidworks2ros/solidworks2ros_try25/devel/.private/solidworks2ros_try25/share/solidworks2ros_try25/cmake/solidworks2ros_try25Config.cmake, /home/amumu-ze1ast/me_solidworks2ros/solidworks2ros_try25/devel/share/solidworks2ros_try25/cmake/solidworks2ros_try25Config.cmake)
Cleaning: (/home/amumu-ze1ast/me_solidworks2ros/solidworks2ros_try25/devel/.private/solidworks2ros_try25/share/solidworks2ros_try25/cmake/solidworks2ros_try25Config-version.cmake, /home/amumu-ze1ast/me_solidworks2ros/solidworks2ros_try25/devel/share/solidworks2ros_try25/cmake/solidworks2ros_try25Config-version.cmake)
Cleaning: (/home/amumu-ze1ast/me_solidworks2ros/solidworks2ros_try25/devel/.private/solidworks2ros_try25/lib/solidworks2ros_try25/joint_position_contoller_backward.py, /home/amumu-ze1ast/me_solidworks2ros/solidworks2ros_try25/devel/lib/solidworks2ros_try25/joint_position_contoller_backward.py)
Cleaning: (/home/amumu-ze1ast/me_solidworks2ros/solidworks2ros_try25/devel/.private/solidworks2ros_try25/lib/solidworks2ros_try25/moment_of_inertia.py, /home/amumu-ze1ast/me_solidworks2ros/solidworks2ros_try25/devel/lib/solidworks2ros_try25/moment_of_inertia.py)
Cleaning: (/home/amumu-ze1ast/me_solidworks2ros/solidworks2ros_try25/devel/.private/solidworks2ros_try25/lib/solidworks2ros_try25/cmake.lock, /home/amumu-ze1ast/me_solidworks2ros/solidworks2ros_try25/devel/lib/solidworks2ros_try25/cmake.lock)
Cleaning: (/home/amumu-ze1ast/me_solidworks2ros/solidworks2ros_try25/devel/.private/solidworks2ros_try25/lib/solidworks2ros_try25/joint_position_contoller_forward.py, /home/amumu-ze1ast/me_solidworks2ros/solidworks2ros_try25/devel/lib/solidworks2ros_try25/joint_position_contoller_forward.py)
Cleaning: (/home/amumu-ze1ast/me_solidworks2ros/solidworks2ros_try25/devel/.private/solidworks2ros_try25/lib/pkgconfig/solidworks2ros_try25.pc, /home/amumu-ze1ast/me_solidworks2ros/solidworks2ros_try25/devel/lib/pkgconfig/solidworks2ros_try25.pc)
Unlinking: /home/amumu-ze1ast/me_solidworks2ros/solidworks2ros_try25/devel/share/solidworks2ros_try25/cmake/solidworks2ros_try25Config.cmake
Already unlinked: {}
Unlinking: /home/amumu-ze1ast/me_solidworks2ros/solidworks2ros_try25/devel/share/solidworks2ros_try25/cmake/solidworks2ros_try25Config-version.cmake
Already unlinked: {}
Unlinking: /home/amumu-ze1ast/me_solidworks2ros/solidworks2ros_try25/devel/lib/solidworks2ros_try25/joint_position_contoller_backward.py
Already unlinked: {}
Unlinking: /home/amumu-ze1ast/me_solidworks2ros/solidworks2ros_try25/devel/lib/solidworks2ros_try25/moment_of_inertia.py
Already unlinked: {}
Unlinking: /home/amumu-ze1ast/me_solidworks2ros/solidworks2ros_try25/devel/lib/solidworks2ros_try25/cmake.lock
Already unlinked: {}
Unlinking: /home/amumu-ze1ast/me_solidworks2ros/solidworks2ros_try25/devel/lib/solidworks2ros_try25/joint_position_contoller_forward.py
Already unlinked: {}
Unlinking: /home/amumu-ze1ast/me_solidworks2ros/solidworks2ros_try25/devel/lib/pkgconfig/solidworks2ros_try25.pc
Already unlinked: {}
